<?xml version="1.0" encoding="UTF-8"?>
<!-- Generated by org.testng.reporters.JUnitReportReporter -->
<testsuite skipped="0" hostname="DESKTOP-RCDTJC1" name="mavenpackage.KilariProject.NewTest2" tests="1" failures="0" timestamp="21 Feb 2020 04:48:45 GMT" time="25.466" errors="0">
  <testcase name="f" time="25.466" classname="mavenpackage.KilariProject.NewTest2"/>
</testsuite> <!-- mavenpackage.KilariProject.NewTest2 -->
