<?xml version="1.0" encoding="UTF-8"?>
<!-- Generated by org.testng.reporters.JUnitReportReporter -->
<testsuite skipped="0" hostname="DESKTOP-RCDTJC1" name="mavenpackage.KilariProject.LinkText" tests="1" failures="0" timestamp="2020-03-06T19:19:20 EST" time="24.509" errors="0">
  <testcase name="linkText" time="24.509" classname="mavenpackage.KilariProject.LinkText"/>
</testsuite> <!-- mavenpackage.KilariProject.LinkText -->
