<?xml version="1.0" encoding="UTF-8"?>
<!-- Generated by org.testng.reporters.JUnitReportReporter -->
<testsuite skipped="0" hostname="DESKTOP-RCDTJC1" name="mavenpackage.KilariProject.NewTest1" tests="1" failures="0" timestamp="21 Feb 2020 04:17:05 GMT" time="0.013" errors="0">
  <testcase name="f" time="0.013" classname="mavenpackage.KilariProject.NewTest1"/>
</testsuite> <!-- mavenpackage.KilariProject.NewTest1 -->
