<?xml version="1.0" encoding="UTF-8"?>
<!-- Generated by org.testng.reporters.JUnitReportReporter -->
<testsuite skipped="0" hostname="DESKTOP-RCDTJC1" name="suitec.TestC2" tests="1" failures="0" timestamp="21 Feb 2020 16:13:04 GMT" time="5.008" errors="0">
  <testcase name="testC2" time="5.008" classname="suitec.TestC2"/>
</testsuite> <!-- suitec.TestC2 -->
