<?xml version="1.0" encoding="UTF-8"?>
<!-- Generated by org.testng.reporters.JUnitReportReporter -->
<testsuite skipped="0" hostname="DESKTOP-RCDTJC1" name="mavenpackage.KilariProject.LinkText" tests="1" failures="0" timestamp="10 Mar 2020 00:04:35 GMT" time="18.312" errors="0">
  <testcase name="linkText" time="18.312" classname="mavenpackage.KilariProject.LinkText"/>
</testsuite> <!-- mavenpackage.KilariProject.LinkText -->
